2018-08-31 14:00:40.971 [ INFO][org.springframework.boot.admin.SpringApplicationAdminMXBeanRegistrar$SpringApplicationAdmin]-(RMI TCP Connection(2)-127.0.0.1) Application shutdown requested.
2018-08-31 14:00:40.971 [ INFO][org.springframework.boot.web.servlet.context.AnnotationConfigServletWebServerApplicationContext]-(RMI TCP Connection(2)-127.0.0.1) Closing org.springframework.boot.web.servlet.context.AnnotationConfigServletWebServerApplicationContext@2de23121: startup date [Fri Aug 31 13:59:37 CST 2018]; root of context hierarchy
2018-08-31 14:00:40.973 [ INFO][org.springframework.context.support.DefaultLifecycleProcessor]-(RMI TCP Connection(2)-127.0.0.1) Stopping beans in phase 2147483647
2018-08-31 14:00:40.974 [ INFO][org.springframework.jmx.export.annotation.AnnotationMBeanExporter]-(RMI TCP Connection(2)-127.0.0.1) Unregistering JMX-exposed beans on shutdown
2018-08-31 14:00:49.196 [ INFO][com.example.demo.SpringLog4j2DemoApplication]-(main) Starting SpringLog4j2DemoApplication on fenghao with PID 7704 (E:\workspace_git\spring-log4j2-demo\target\classes started by Administrator in E:\workspace_git\spring-log4j2-demo)
2018-08-31 14:00:49.199 [ INFO][com.example.demo.SpringLog4j2DemoApplication]-(main) No active profile set, falling back to default profiles: default
2018-08-31 14:00:49.251 [ INFO][org.springframework.boot.web.servlet.context.AnnotationConfigServletWebServerApplicationContext]-(main) Refreshing org.springframework.boot.web.servlet.context.AnnotationConfigServletWebServerApplicationContext@6c40365c: startup date [Fri Aug 31 14:00:49 CST 2018]; root of context hierarchy
2018-08-31 14:00:49.974 [ INFO][org.springframework.boot.web.embedded.tomcat.TomcatWebServer]-(main) Tomcat initialized with port(s): 8080 (http)
2018-08-31 14:00:49.988 [ INFO][org.apache.coyote.http11.Http11NioProtocol]-(main) Initializing ProtocolHandler ["http-nio-8080"]
2018-08-31 14:00:49.994 [ INFO][org.apache.catalina.core.StandardService]-(main) Starting service [Tomcat]
2018-08-31 14:00:49.994 [ INFO][org.apache.catalina.core.StandardEngine]-(main) Starting Servlet Engine: Apache Tomcat/8.5.32
2018-08-31 14:00:49.998 [ INFO][org.apache.catalina.core.AprLifecycleListener]-(localhost-startStop-1) The APR based Apache Tomcat Native library which allows optimal performance in production environments was not found on the java.library.path: [E:\java\bin;C:\Windows\Sun\Java\bin;C:\Windows\system32;C:\Windows;E:/java/bin/../jre/bin/server;E:/java/bin/../jre/bin;E:/java/bin/../jre/lib/amd64;C:\Windows\system32;C:\Windows;C:\Windows\System32\Wbem;C:\Windows\System32\WindowsPowerShell\v1.0\;C:\Program Files (x86)\NVIDIA Corporation\PhysX\Common;E:\java\bin;E:\工作软件\git\Git\cmd;%PATHON%;E:\python\Scripts\;E:\python\;E:\工作软件\eclipse\eclipse;;.]
2018-08-31 14:00:50.055 [ INFO][org.apache.catalina.core.ContainerBase.[Tomcat].[localhost].[/]]-(localhost-startStop-1) Initializing Spring embedded WebApplicationContext
2018-08-31 14:00:50.055 [ INFO][org.springframework.web.context.ContextLoader]-(localhost-startStop-1) Root WebApplicationContext: initialization completed in 806 ms
2018-08-31 14:00:50.096 [ INFO][org.springframework.boot.web.servlet.ServletRegistrationBean]-(localhost-startStop-1) Servlet dispatcherServlet mapped to [/]
2018-08-31 14:00:50.099 [ INFO][org.springframework.boot.web.servlet.FilterRegistrationBean]-(localhost-startStop-1) Mapping filter: 'characterEncodingFilter' to: [/*]
2018-08-31 14:00:50.099 [ INFO][org.springframework.boot.web.servlet.FilterRegistrationBean]-(localhost-startStop-1) Mapping filter: 'hiddenHttpMethodFilter' to: [/*]
2018-08-31 14:00:50.099 [ INFO][org.springframework.boot.web.servlet.FilterRegistrationBean]-(localhost-startStop-1) Mapping filter: 'httpPutFormContentFilter' to: [/*]
2018-08-31 14:00:50.099 [ INFO][org.springframework.boot.web.servlet.FilterRegistrationBean]-(localhost-startStop-1) Mapping filter: 'requestContextFilter' to: [/*]
2018-08-31 14:00:50.324 [ INFO][org.springframework.web.servlet.mvc.method.annotation.RequestMappingHandlerMapping]-(main) Mapped "{[/index],methods=[GET]}" onto public java.lang.String com.example.demo.controller.IndexController.index()
2018-08-31 14:00:50.329 [ INFO][org.springframework.web.servlet.mvc.method.annotation.RequestMappingHandlerMapping]-(main) Mapped "{[/swagger-resources/configuration/security]}" onto public org.springframework.http.ResponseEntity<springfox.documentation.swagger.web.SecurityConfiguration> springfox.documentation.swagger.web.ApiResourceController.securityConfiguration()
2018-08-31 14:00:50.329 [ INFO][org.springframework.web.servlet.mvc.method.annotation.RequestMappingHandlerMapping]-(main) Mapped "{[/swagger-resources/configuration/ui]}" onto public org.springframework.http.ResponseEntity<springfox.documentation.swagger.web.UiConfiguration> springfox.documentation.swagger.web.ApiResourceController.uiConfiguration()
2018-08-31 14:00:50.330 [ INFO][org.springframework.web.servlet.mvc.method.annotation.RequestMappingHandlerMapping]-(main) Mapped "{[/swagger-resources]}" onto public org.springframework.http.ResponseEntity<java.util.List<springfox.documentation.swagger.web.SwaggerResource>> springfox.documentation.swagger.web.ApiResourceController.swaggerResources()
2018-08-31 14:00:50.333 [ INFO][org.springframework.web.servlet.mvc.method.annotation.RequestMappingHandlerMapping]-(main) Mapped "{[/error]}" onto public org.springframework.http.ResponseEntity<java.util.Map<java.lang.String, java.lang.Object>> org.springframework.boot.autoconfigure.web.servlet.error.BasicErrorController.error(javax.servlet.http.HttpServletRequest)
2018-08-31 14:00:50.334 [ INFO][org.springframework.web.servlet.mvc.method.annotation.RequestMappingHandlerMapping]-(main) Mapped "{[/error],produces=[text/html]}" onto public org.springframework.web.servlet.ModelAndView org.springframework.boot.autoconfigure.web.servlet.error.BasicErrorController.errorHtml(javax.servlet.http.HttpServletRequest,javax.servlet.http.HttpServletResponse)
2018-08-31 14:00:50.407 [ INFO][springfox.documentation.spring.web.PropertySourcedRequestMappingHandlerMapping]-(main) Mapped URL path [/v2/api-docs] onto method [public org.springframework.http.ResponseEntity<springfox.documentation.spring.web.json.Json> springfox.documentation.swagger2.web.Swagger2Controller.getDocumentation(java.lang.String,javax.servlet.http.HttpServletRequest)]
2018-08-31 14:00:50.452 [ INFO][org.springframework.web.servlet.handler.SimpleUrlHandlerMapping]-(main) Mapped URL path [/**/favicon.ico] onto handler of type [class org.springframework.web.servlet.resource.ResourceHttpRequestHandler]
2018-08-31 14:00:50.537 [ INFO][org.springframework.web.servlet.mvc.method.annotation.RequestMappingHandlerAdapter]-(main) Looking for @ControllerAdvice: org.springframework.boot.web.servlet.context.AnnotationConfigServletWebServerApplicationContext@6c40365c: startup date [Fri Aug 31 14:00:49 CST 2018]; root of context hierarchy
2018-08-31 14:00:50.564 [ INFO][org.springframework.web.servlet.handler.SimpleUrlHandlerMapping]-(main) Mapped URL path [/webjars/**] onto handler of type [class org.springframework.web.servlet.resource.ResourceHttpRequestHandler]
2018-08-31 14:00:50.564 [ INFO][org.springframework.web.servlet.handler.SimpleUrlHandlerMapping]-(main) Mapped URL path [/**] onto handler of type [class org.springframework.web.servlet.resource.ResourceHttpRequestHandler]
2018-08-31 14:00:50.654 [ INFO][org.springframework.jmx.export.annotation.AnnotationMBeanExporter]-(main) Registering beans for JMX exposure on startup
2018-08-31 14:00:50.661 [ INFO][org.springframework.context.support.DefaultLifecycleProcessor]-(main) Starting beans in phase 2147483647
2018-08-31 14:00:50.661 [ INFO][springfox.documentation.spring.web.plugins.DocumentationPluginsBootstrapper]-(main) Context refreshed
2018-08-31 14:00:50.674 [ INFO][springfox.documentation.spring.web.plugins.DocumentationPluginsBootstrapper]-(main) Found 1 custom documentation plugin(s)
2018-08-31 14:00:50.787 [ INFO][springfox.documentation.spring.web.scanners.ApiListingReferenceScanner]-(main) Scanning for api listing references
2018-08-31 14:00:50.838 [ INFO][org.apache.coyote.http11.Http11NioProtocol]-(main) Starting ProtocolHandler ["http-nio-8080"]
2018-08-31 14:00:50.846 [ INFO][org.apache.tomcat.util.net.NioSelectorPool]-(main) Using a shared selector for servlet write/read
2018-08-31 14:00:50.856 [ INFO][org.springframework.boot.web.embedded.tomcat.TomcatWebServer]-(main) Tomcat started on port(s): 8080 (http) with context path ''
2018-08-31 14:00:50.859 [ INFO][com.example.demo.SpringLog4j2DemoApplication]-(main) Started SpringLog4j2DemoApplication in 1.871 seconds (JVM running for 2.352)
2018-08-31 14:00:58.143 [ INFO][org.springframework.boot.admin.SpringApplicationAdminMXBeanRegistrar$SpringApplicationAdmin]-(RMI TCP Connection(2)-127.0.0.1) Application shutdown requested.
2018-08-31 14:00:58.143 [ INFO][org.springframework.boot.web.servlet.context.AnnotationConfigServletWebServerApplicationContext]-(RMI TCP Connection(2)-127.0.0.1) Closing org.springframework.boot.web.servlet.context.AnnotationConfigServletWebServerApplicationContext@6c40365c: startup date [Fri Aug 31 14:00:49 CST 2018]; root of context hierarchy
2018-08-31 14:00:58.145 [ INFO][org.springframework.context.support.DefaultLifecycleProcessor]-(RMI TCP Connection(2)-127.0.0.1) Stopping beans in phase 2147483647
2018-08-31 14:00:58.145 [ INFO][org.springframework.jmx.export.annotation.AnnotationMBeanExporter]-(RMI TCP Connection(2)-127.0.0.1) Unregistering JMX-exposed beans on shutdown
2018-08-31 14:45:02.831 [ INFO][com.example.demo.SpringLog4j2DemoApplication]-(main) Starting SpringLog4j2DemoApplication on fenghao with PID 2620 (E:\workspace_git\spring-log4j2-demo\target\classes started by Administrator in E:\workspace_git\spring-log4j2-demo)
2018-08-31 14:45:02.835 [ INFO][com.example.demo.SpringLog4j2DemoApplication]-(main) No active profile set, falling back to default profiles: default
2018-08-31 14:45:02.892 [ INFO][org.springframework.boot.web.servlet.context.AnnotationConfigServletWebServerApplicationContext]-(main) Refreshing org.springframework.boot.web.servlet.context.AnnotationConfigServletWebServerApplicationContext@6f4a47c7: startup date [Fri Aug 31 14:45:02 CST 2018]; root of context hierarchy
2018-08-31 14:45:03.645 [ INFO][org.springframework.boot.web.embedded.tomcat.TomcatWebServer]-(main) Tomcat initialized with port(s): 8080 (http)
2018-08-31 14:45:03.658 [ INFO][org.apache.coyote.http11.Http11NioProtocol]-(main) Initializing ProtocolHandler ["http-nio-8080"]
2018-08-31 14:45:03.663 [ INFO][org.apache.catalina.core.StandardService]-(main) Starting service [Tomcat]
2018-08-31 14:45:03.663 [ INFO][org.apache.catalina.core.StandardEngine]-(main) Starting Servlet Engine: Apache Tomcat/8.5.32
2018-08-31 14:45:03.666 [ INFO][org.apache.catalina.core.AprLifecycleListener]-(localhost-startStop-1) The APR based Apache Tomcat Native library which allows optimal performance in production environments was not found on the java.library.path: [E:\java\bin;C:\Windows\Sun\Java\bin;C:\Windows\system32;C:\Windows;E:/java/bin/../jre/bin/server;E:/java/bin/../jre/bin;E:/java/bin/../jre/lib/amd64;C:\Windows\system32;C:\Windows;C:\Windows\System32\Wbem;C:\Windows\System32\WindowsPowerShell\v1.0\;C:\Program Files (x86)\NVIDIA Corporation\PhysX\Common;E:\java\bin;E:\工作软件\git\Git\cmd;%PATHON%;E:\python\Scripts\;E:\python\;E:\工作软件\eclipse\eclipse;;.]
2018-08-31 14:45:03.717 [ INFO][org.apache.catalina.core.ContainerBase.[Tomcat].[localhost].[/]]-(localhost-startStop-1) Initializing Spring embedded WebApplicationContext
2018-08-31 14:45:03.717 [ INFO][org.springframework.web.context.ContextLoader]-(localhost-startStop-1) Root WebApplicationContext: initialization completed in 853 ms
2018-08-31 14:45:03.754 [ INFO][org.springframework.boot.web.servlet.ServletRegistrationBean]-(localhost-startStop-1) Servlet dispatcherServlet mapped to [/]
2018-08-31 14:45:03.757 [ INFO][org.springframework.boot.web.servlet.FilterRegistrationBean]-(localhost-startStop-1) Mapping filter: 'characterEncodingFilter' to: [/*]
2018-08-31 14:45:03.757 [ INFO][org.springframework.boot.web.servlet.FilterRegistrationBean]-(localhost-startStop-1) Mapping filter: 'hiddenHttpMethodFilter' to: [/*]
2018-08-31 14:45:03.757 [ INFO][org.springframework.boot.web.servlet.FilterRegistrationBean]-(localhost-startStop-1) Mapping filter: 'httpPutFormContentFilter' to: [/*]
2018-08-31 14:45:03.758 [ INFO][org.springframework.boot.web.servlet.FilterRegistrationBean]-(localhost-startStop-1) Mapping filter: 'requestContextFilter' to: [/*]
2018-08-31 14:45:04.012 [ INFO][org.springframework.web.servlet.mvc.method.annotation.RequestMappingHandlerMapping]-(main) Mapped "{[/index],methods=[GET]}" onto public java.lang.String com.example.demo.controller.IndexController.index(javax.servlet.http.HttpServletRequest,javax.servlet.http.HttpServletResponse)
2018-08-31 14:45:04.018 [ INFO][org.springframework.web.servlet.mvc.method.annotation.RequestMappingHandlerMapping]-(main) Mapped "{[/swagger-resources/configuration/ui]}" onto public org.springframework.http.ResponseEntity<springfox.documentation.swagger.web.UiConfiguration> springfox.documentation.swagger.web.ApiResourceController.uiConfiguration()
2018-08-31 14:45:04.018 [ INFO][org.springframework.web.servlet.mvc.method.annotation.RequestMappingHandlerMapping]-(main) Mapped "{[/swagger-resources]}" onto public org.springframework.http.ResponseEntity<java.util.List<springfox.documentation.swagger.web.SwaggerResource>> springfox.documentation.swagger.web.ApiResourceController.swaggerResources()
2018-08-31 14:45:04.019 [ INFO][org.springframework.web.servlet.mvc.method.annotation.RequestMappingHandlerMapping]-(main) Mapped "{[/swagger-resources/configuration/security]}" onto public org.springframework.http.ResponseEntity<springfox.documentation.swagger.web.SecurityConfiguration> springfox.documentation.swagger.web.ApiResourceController.securityConfiguration()
2018-08-31 14:45:04.022 [ INFO][org.springframework.web.servlet.mvc.method.annotation.RequestMappingHandlerMapping]-(main) Mapped "{[/error]}" onto public org.springframework.http.ResponseEntity<java.util.Map<java.lang.String, java.lang.Object>> org.springframework.boot.autoconfigure.web.servlet.error.BasicErrorController.error(javax.servlet.http.HttpServletRequest)
2018-08-31 14:45:04.023 [ INFO][org.springframework.web.servlet.mvc.method.annotation.RequestMappingHandlerMapping]-(main) Mapped "{[/error],produces=[text/html]}" onto public org.springframework.web.servlet.ModelAndView org.springframework.boot.autoconfigure.web.servlet.error.BasicErrorController.errorHtml(javax.servlet.http.HttpServletRequest,javax.servlet.http.HttpServletResponse)
2018-08-31 14:45:04.108 [ INFO][springfox.documentation.spring.web.PropertySourcedRequestMappingHandlerMapping]-(main) Mapped URL path [/v2/api-docs] onto method [public org.springframework.http.ResponseEntity<springfox.documentation.spring.web.json.Json> springfox.documentation.swagger2.web.Swagger2Controller.getDocumentation(java.lang.String,javax.servlet.http.HttpServletRequest)]
2018-08-31 14:45:04.152 [ INFO][org.springframework.web.servlet.handler.SimpleUrlHandlerMapping]-(main) Mapped URL path [/**/favicon.ico] onto handler of type [class org.springframework.web.servlet.resource.ResourceHttpRequestHandler]
2018-08-31 14:45:04.235 [ INFO][org.springframework.web.servlet.mvc.method.annotation.RequestMappingHandlerAdapter]-(main) Looking for @ControllerAdvice: org.springframework.boot.web.servlet.context.AnnotationConfigServletWebServerApplicationContext@6f4a47c7: startup date [Fri Aug 31 14:45:02 CST 2018]; root of context hierarchy
2018-08-31 14:45:04.263 [ INFO][org.springframework.web.servlet.handler.SimpleUrlHandlerMapping]-(main) Mapped URL path [/webjars/**] onto handler of type [class org.springframework.web.servlet.resource.ResourceHttpRequestHandler]
2018-08-31 14:45:04.263 [ INFO][org.springframework.web.servlet.handler.SimpleUrlHandlerMapping]-(main) Mapped URL path [/**] onto handler of type [class org.springframework.web.servlet.resource.ResourceHttpRequestHandler]
2018-08-31 14:45:04.368 [ INFO][org.springframework.jmx.export.annotation.AnnotationMBeanExporter]-(main) Registering beans for JMX exposure on startup
2018-08-31 14:45:04.375 [ INFO][org.springframework.context.support.DefaultLifecycleProcessor]-(main) Starting beans in phase 2147483647
2018-08-31 14:45:04.376 [ INFO][springfox.documentation.spring.web.plugins.DocumentationPluginsBootstrapper]-(main) Context refreshed
2018-08-31 14:45:04.388 [ INFO][springfox.documentation.spring.web.plugins.DocumentationPluginsBootstrapper]-(main) Found 1 custom documentation plugin(s)
2018-08-31 14:45:04.407 [ INFO][springfox.documentation.spring.web.scanners.ApiListingReferenceScanner]-(main) Scanning for api listing references
2018-08-31 14:45:04.528 [ INFO][org.apache.coyote.http11.Http11NioProtocol]-(main) Starting ProtocolHandler ["http-nio-8080"]
2018-08-31 14:45:04.535 [ INFO][org.apache.tomcat.util.net.NioSelectorPool]-(main) Using a shared selector for servlet write/read
2018-08-31 14:45:04.545 [ INFO][org.springframework.boot.web.embedded.tomcat.TomcatWebServer]-(main) Tomcat started on port(s): 8080 (http) with context path ''
2018-08-31 14:45:04.547 [ INFO][com.example.demo.SpringLog4j2DemoApplication]-(main) Started SpringLog4j2DemoApplication in 1.924 seconds (JVM running for 2.387)
2018-08-31 14:45:16.977 [ INFO][org.apache.catalina.core.ContainerBase.[Tomcat].[localhost].[/]]-(http-nio-8080-exec-1) Initializing Spring FrameworkServlet 'dispatcherServlet'
2018-08-31 14:45:16.977 [ INFO][org.springframework.web.servlet.DispatcherServlet]-(http-nio-8080-exec-1) FrameworkServlet 'dispatcherServlet': initialization started
2018-08-31 14:45:16.988 [ INFO][org.springframework.web.servlet.DispatcherServlet]-(http-nio-8080-exec-1) FrameworkServlet 'dispatcherServlet': initialization completed in 11 ms
2018-08-31 14:46:12.721 [ERROR][com.example.demo.controller.IndexController]-(http-nio-8080-exec-2) URL:http://localhost:8080/index
2018-08-31 14:46:12.722 [ERROR][com.example.demo.controller.IndexController]-(http-nio-8080-exec-2) URI:/index
2018-08-31 15:41:13.161 [ INFO][org.springframework.boot.admin.SpringApplicationAdminMXBeanRegistrar$SpringApplicationAdmin]-(RMI TCP Connection(2)-127.0.0.1) Application shutdown requested.
2018-08-31 15:41:13.161 [ INFO][org.springframework.boot.web.servlet.context.AnnotationConfigServletWebServerApplicationContext]-(RMI TCP Connection(2)-127.0.0.1) Closing org.springframework.boot.web.servlet.context.AnnotationConfigServletWebServerApplicationContext@6f4a47c7: startup date [Fri Aug 31 14:45:02 CST 2018]; root of context hierarchy
2018-08-31 15:41:13.163 [ INFO][org.springframework.context.support.DefaultLifecycleProcessor]-(RMI TCP Connection(2)-127.0.0.1) Stopping beans in phase 2147483647
2018-08-31 15:41:13.164 [ INFO][org.springframework.jmx.export.annotation.AnnotationMBeanExporter]-(RMI TCP Connection(2)-127.0.0.1) Unregistering JMX-exposed beans on shutdown
